proguard/seeds.txt
com.ozateck.masu.MainActivity
com.ozateck.masu.MainActivity: MainActivity()
com.ozateck.masu.Masuo
com.ozateck.masu.Masuo: void standupDone(java.lang.Object)
com.ozateck.masu.Masuo: void sitdownDone(java.lang.Object)
com.ozateck.masu.Masuo: void pleaseDone(java.lang.Object)
com.ozateck.masu.Masuo: void disappointDone(java.lang.Object)
...
org.cocos2d.nodes.CCRibbon
org.cocos2d.nodes.CCRibbon: java.util.ArrayList segments_
org.cocos2d.nodes.CCRibbon: java.util.ArrayList deletedSegments_
org.cocos2d.nodes.CCRibbon: org.cocos2d.types.CGPoint lastPoint1_
org.cocos2d.nodes.CCRibbon: org.cocos2d.types.CGPoint lastPoint2_
org.cocos2d.nodes.CCRibbon: org.cocos2d.types.CGPoint lastLocation_
org.cocos2d.nodes.CCRibbon: int vertCount_
org.cocos2d.nodes.CCRibbon: float texVPos_
org.cocos2d.nodes.CCRibbon: float curTime_
org.cocos2d.nodes.CCRibbon: float fadeTime_
org.cocos2d.nodes.CCRibbon: float delta_
org.cocos2d.nodes.CCRibbon: float lastWidth_
org.cocos2d.nodes.CCRibbon: float lastSign_
org.cocos2d.nodes.CCRibbon: boolean pastFirstPoint_
org.cocos2d.nodes.CCRibbon: org.cocos2d.opengl.CCTexture2D texture_
org.cocos2d.nodes.CCRibbon: float textureLength_
org.cocos2d.nodes.CCRibbon: org.cocos2d.types.ccColor4B color_
org.cocos2d.nodes.CCRibbon: org.cocos2d.types.ccBlendFunc blendFunc_
org.cocos2d.nodes.CCRibbon: org.cocos2d.nodes.CCRibbon node(float,java.lang.String,float,org.cocos2d.types.ccColor4B,float)
org.cocos2d.nodes.CCRibbon: CCRibbon(float,java.lang.String,float,org.cocos2d.types.ccColor4B,float)
org.cocos2d.nodes.CCRibbon: org.cocos2d.types.CGPoint rotatePoint(org.cocos2d.types.CGPoint,float)
org.cocos2d.nodes.CCRibbon: void addPoint(org.cocos2d.types.CGPoint,float)
org.cocos2d.nodes.CCRibbon: void update(float)
org.cocos2d.nodes.CCRibbon$CCRibbonSegment
org.cocos2d.nodes.CCRibbon$CCRibbonSegment: int COUNT
org.cocos2d.nodes.CCRibbon$CCRibbonSegment: float[] verts
org.cocos2d.nodes.CCRibbon$CCRibbonSegment: float[] coords
org.cocos2d.nodes.CCRibbon$CCRibbonSegment: float[] colors
org.cocos2d.nodes.CCRibbon$CCRibbonSegment: float[] creationTime
org.cocos2d.nodes.CCRibbon$CCRibbonSegment: boolean finished
org.cocos2d.nodes.CCRibbon$CCRibbonSegment: int end
org.cocos2d.nodes.CCRibbon$CCRibbonSegment: int begin
org.cocos2d.nodes.CCRibbon$CCRibbonSegment: org.cocos2d.utils.FastFloatBuffer mVertices
org.cocos2d.nodes.CCRibbon$CCRibbonSegment: org.cocos2d.utils.FastFloatBuffer mCoordinates
org.cocos2d.nodes.CCRibbon$CCRibbonSegment: org.cocos2d.utils.FastFloatBuffer mColors
org.cocos2d.nodes.CCRibbon$CCRibbonSegment: CCRibbon$CCRibbonSegment()
org.cocos2d.nodes.CCRibbon$CCRibbonSegment: void reset()
org.cocos2d.nodes.CCRibbon$CCRibbonSegment: void draw(javax.microedition.khronos.opengles.GL10,float,float,org.cocos2d.types.ccColor4B)
org.cocos2d.nodes.CCSprite
org.cocos2d.nodes.CCSprite: int CCSpriteIndexNotInitialized
org.cocos2d.nodes.CCSprite: int CC_HONOR_PARENT_TRANSFORM_TRANSLATE
org.cocos2d.nodes.CCSprite: int CC_HONOR_PARENT_TRANSFORM_ROTATE
org.cocos2d.nodes.CCSprite: int CC_HONOR_PARENT_TRANSFORM_SCALE
org.cocos2d.nodes.CCSprite: int CC_HONOR_PARENT_TRANSFORM_ALL
org.cocos2d.nodes.CCSprite: java.util.HashMap animations_
org.cocos2d.nodes.CCSprite: boolean flipY_
org.cocos2d.nodes.CCSprite: boolean flipX_
org.cocos2d.nodes.CCSprite: int opacity_
org.cocos2d.nodes.CCSprite: org.cocos2d.types.ccColor3B color_
org.cocos2d.nodes.CCSprite: org.cocos2d.types.ccColor3B colorUnmodified_
org.cocos2d.nodes.CCSprite: boolean opacityModifyRGB_
org.cocos2d.nodes.CCSprite: org.cocos2d.opengl.CCTexture2D texture_
org.cocos2d.nodes.CCSprite: org.cocos2d.types.ccBlendFunc blendFunc_
org.cocos2d.nodes.CCSprite: org.cocos2d.types.CGRect rect_
org.cocos2d.nodes.CCSprite: java.lang.Boolean rectRotated_
org.cocos2d.nodes.CCSprite: org.cocos2d.types.CGPoint offsetPosition_
org.cocos2d.nodes.CCSprite: org.cocos2d.types.CGPoint unflippedOffsetPositionFromCenter_
org.cocos2d.nodes.CCSprite: org.cocos2d.opengl.CCTextureAtlas textureAtlas_
org.cocos2d.nodes.CCSprite: int atlasIndex
org.cocos2d.nodes.CCSprite: org.cocos2d.nodes.CCSpriteSheet spriteSheet_
org.cocos2d.nodes.CCSprite: int honorParentTransform_
org.cocos2d.nodes.CCSprite: boolean dirty_
org.cocos2d.nodes.CCSprite: boolean recursiveDirty_