proguard/mapping.txt
com.ozateck.masu.BackBtn -> com.ozateck.masu.a:
    org.cocos2d.layers.CCLayer layer -> a
    int ptmRatio -> b
    int baseLevel -> c
    org.cocos2d.types.CGPoint cPoint -> d
    boolean active -> e
    org.cocos2d.nodes.CCSprite backSprite -> f
    void on() -> a
    void off() -> b
    boolean isInside(org.cocos2d.types.CGPoint) -> a
com.ozateck.masu.BannerItem -> com.ozateck.masu.b:
    org.cocos2d.layers.CCLayer layer -> a
    int ptmRatio -> b
    int baseLevel -> c
    org.cocos2d.types.CGPoint cPoint -> d
    org.cocos2d.nodes.CCSprite titleSprite -> e
    java.util.List spriteList -> f
    float defX -> g
    float defY -> h
    float defSize -> i
    com.ozateck.masu.ParticleHappy particleHappy -> j
    org.cocos2d.nodes.CCSprite makeSprite(java.lang.String) -> a
    void showTitle(int) -> a
com.ozateck.masu.CloseBtn -> com.ozateck.masu.c:
    org.cocos2d.layers.CCLayer layer -> a
    int ptmRatio -> b
    int baseLevel -> c
    org.cocos2d.types.CGPoint cPoint -> d
    boolean active -> e
    org.cocos2d.nodes.CCSprite backSprite -> f
    void on() -> a
    void off() -> b
    boolean isInside(org.cocos2d.types.CGPoint) -> a
    void showBtn() -> c
    void hideBtn() -> d
com.ozateck.masu.CollectionBtn -> com.ozateck.masu.d:
    org.cocos2d.layers.CCLayer layer -> a
    int ptmRatio -> b
    int baseLevel -> c
    org.cocos2d.types.CGPoint cPoint -> d
    boolean active -> e
    org.cocos2d.nodes.CCSprite backSprite -> f
    void on() -> a
    void off() -> b
    boolean isInside(org.cocos2d.types.CGPoint) -> a
com.ozateck.masu.CollectionItem -> com.ozateck.masu.e:
    org.cocos2d.layers.CCLayer layer -> a
    int ptmRatio -> b
    int baseLevel -> c
    org.cocos2d.types.CGPoint cPoint -> d
    org.cocos2d.nodes.CCSprite backSprite -> e
    int itemInd -> f
    int activeInd -> g
    boolean isInside(org.cocos2d.types.CGPoint) -> a
    int getItemInd() -> a
    boolean isActive() -> b
com.ozateck.masu.CollectionPanel -> com.ozateck.masu.f:
    org.cocos2d.layers.CCLayer layer -> a
    int ptmRatio -> b
    int baseLevel -> c
    org.cocos2d.types.CGPoint cPoint -> d
    org.cocos2d.nodes.CCSprite panelSprite -> e
    java.lang.String[] fileNames -> f
    float defX -> g
    float defY -> h
    float defSize -> i
    org.cocos2d.nodes.CCSprite makeSprite(java.lang.String) -> a
    void showPanel(int) -> a
    void hidePanel() -> a
    boolean getVisible() -> b
com.ozateck.masu.CollectionTitle -> com.ozateck.masu.g:
    org.cocos2d.layers.CCLayer layer -> a
    int ptmRatio -> b
    int baseLevel -> c
    org.cocos2d.types.CGPoint cPoint -> d
    org.cocos2d.nodes.CCSprite backSprite -> e
com.ozateck.masu.GameCollectionLayer -> com.ozateck.masu.h:
    android.content.Context context -> a
    float WORLD_HEIGHT_METER -> b
    org.cocos2d.types.CGSize dispSize -> c
    int ptmRatio -> d
    org.cocos2d.types.CGPoint cPoint -> e
    com.ozateck.db.DBManager dbManager -> f
    com.ozateck.masu.CollectionTitle collectionTitle -> g
    com.ozateck.masu.BackBtn backBtn -> h
    com.ozateck.masu.CollectionPanel collectionPanel -> i
    com.ozateck.masu.CloseBtn closeBtn -> j
    org.cocos2d.nodes.CCLabel scoreLabel -> k
    java.util.List items -> l
    void onEnter() -> onEnter
    void onExit() -> onExit
    boolean ccTouchesBegan(android.view.MotionEvent) -> ccTouchesBegan
    boolean ccTouchesEnded(android.view.MotionEvent) -> ccTouchesEnded
...
com.badlogic.gdx.math.Intersector -> com.badlogic.gdx.math.Intersector:
    com.badlogic.gdx.math.Vector3 v0 -> v0
    com.badlogic.gdx.math.Vector3 v1 -> v1
    com.badlogic.gdx.math.Vector3 v2 -> v2
    com.badlogic.gdx.math.Plane p -> p
    com.badlogic.gdx.math.Vector3 i -> i
    com.badlogic.gdx.math.Vector3 dir -> dir
    com.badlogic.gdx.math.Vector3 start -> start
    com.badlogic.gdx.math.Vector3 tmp -> tmp
    com.badlogic.gdx.math.Vector3 best -> best
    com.badlogic.gdx.math.Vector3 tmp1 -> tmp1
    com.badlogic.gdx.math.Vector3 tmp2 -> tmp2
    com.badlogic.gdx.math.Vector3 tmp3 -> tmp3
    float getLowestPositiveRoot(float,float,float) -> getLowestPositiveRoot
    boolean isPointInTriangle(com.badlogic.gdx.math.Vector3,com.badlogic.gdx.math.Vector3,com.badlogic.gdx.math.Vector3,com.badlogic.gdx.math.Vector3) -> isPointInTriangle
    boolean intersectSegmentPlane(com.badlogic.gdx.math.Vector3,com.badlogic.gdx.math.Vector3,com.badlogic.gdx.math.Plane,com.badlogic.gdx.math.Vector3) -> intersectSegmentPlane
    boolean isPointInPolygon(java.util.List,com.badlogic.gdx.math.Vector2) -> isPointInPolygon
    float distanceLinePoint(com.badlogic.gdx.math.Vector2,com.badlogic.gdx.math.Vector2,com.badlogic.gdx.math.Vector2) -> distanceLinePoint
    boolean intersectSegmentCircle(com.badlogic.gdx.math.Vector2,com.badlogic.gdx.math.Vector2,com.badlogic.gdx.math.Vector2,float) -> intersectSegmentCircle
com.badlogic.gdx.math.Matrix3 -> com.badlogic.gdx.math.Matrix3:
    float DEGREE_TO_RAD -> DEGREE_TO_RAD
    float[] vals -> vals
    com.badlogic.gdx.math.Matrix3 idt() -> idt
    com.badlogic.gdx.math.Matrix3 mul(com.badlogic.gdx.math.Matrix3) -> mul
    com.badlogic.gdx.math.Matrix3 setToRotation(float) -> setToRotation
    com.badlogic.gdx.math.Matrix3 setToTranslation(float,float) -> setToTranslation
    com.badlogic.gdx.math.Matrix3 setToScaling(float,float) -> setToScaling
    java.lang.String toString() -> toString
    float det() -> det
    com.badlogic.gdx.math.Matrix3 inv() -> inv
    void main(java.lang.String[]) -> main
    com.badlogic.gdx.math.Matrix3 set(com.badlogic.gdx.math.Matrix3) -> set
    float[] getValues() -> getValues
com.badlogic.gdx.math.Matrix4 -> com.badlogic.gdx.math.Matrix4:
    long serialVersionUID -> serialVersionUID
    int M00 -> M00
    int M01 -> M01
    int M02 -> M02
    int M03 -> M03
    int M10 -> M10
    int M11 -> M11
    int M12 -> M12
    int M13 -> M13
    int M20 -> M20
    int M21 -> M21
    int M22 -> M22
    int M23 -> M23
    int M30 -> M30
    int M31 -> M31
    int M32 -> M32
    int M33 -> M33
    float[] tmp -> tmp
    float[] val -> val
    com.badlogic.gdx.math.Quaternion quat -> quat
    com.badlogic.gdx.math.Vector3 l_vez -> l_vez
    com.badlogic.gdx.math.Vector3 l_vex -> l_vex
    com.badlogic.gdx.math.Vector3 l_vey -> l_vey
    com.badlogic.gdx.math.Vector3 tmpVec -> tmpVec
    com.badlogic.gdx.math.Matrix4 tmpMat -> tmpMat
    com.badlogic.gdx.math.Vector3 right -> right
    com.badlogic.gdx.math.Vector3 tmpForward -> tmpForward
    com.badlogic.gdx.math.Vector3 tmpUp -> tmpUp
    com.badlogic.gdx.math.Matrix4 set(com.badlogic.gdx.math.Matrix4) -> set
    com.badlogic.gdx.math.Matrix4 set(float[]) -> set
    com.badlogic.gdx.math.Matrix4 set(com.badlogic.gdx.math.Quaternion) -> set
    void set(com.badlogic.gdx.math.Vector3,com.badlogic.gdx.math.Vector3,com.badlogic.gdx.math.Vector3,com.badlogic.gdx.math.Vector3) -> set
    com.badlogic.gdx.math.Matrix4 cpy() -> cpy
    com.badlogic.gdx.math.Matrix4 trn(com.badlogic.gdx.math.Vector3) -> trn
    com.badlogic.gdx.math.Matrix4 trn(float,float,float) -> trn
    float[] getValues() -> getValues