proguard/usage.txt
com.ozateck.masu.BackBtn:
    private static final java.lang.String TAG
    private static final int TAG_BACK
    private int itemInd
    99:99:public org.cocos2d.types.CGPoint getCenterPoint()
    119:126:public void changeToggle()
    145:145:public boolean isActive()
com.ozateck.masu.BannerItem:
    private static final java.lang.String TAG
    private static final int TAG_BACK
    115:115:public org.cocos2d.types.CGPoint getCenterPoint()
    157:158:public void showDone(java.lang.Object)
com.ozateck.masu.BuildConfig
com.ozateck.masu.CloseBtn:
    private static final java.lang.String TAG
    private static final int TAG_BACK
    private int itemInd
    99:99:public org.cocos2d.types.CGPoint getCenterPoint()
    119:126:public void changeToggle()
    145:145:public boolean isActive()
com.ozateck.masu.CollectionBtn:
    private static final java.lang.String TAG
    private static final int TAG_BACK
    private int itemInd
    99:99:public org.cocos2d.types.CGPoint getCenterPoint()
    119:126:public void changeToggle()
    145:145:public boolean isActive()
com.ozateck.masu.CollectionItem:
    private static final java.lang.String TAG
    private static final int TAG_BACK
    105:105:public org.cocos2d.types.CGPoint getCenterPoint()
com.ozateck.masu.CollectionPanel:
    private static final java.lang.String TAG
    107:107:public org.cocos2d.types.CGPoint getCenterPoint()
com.ozateck.masu.CollectionTitle:
    private static final java.lang.String TAG
    private static final int TAG_BACK
    93:93:public org.cocos2d.types.CGPoint getCenterPoint()
com.ozateck.masu.GameCollectionLayer:
    private static final java.lang.String TAG
    protected static final float WORLD_WIDTH_METER
com.ozateck.masu.GameHowToLayer:
    private static final java.lang.String TAG
    protected static final float WORLD_WIDTH_METER
com.ozateck.masu.GamePlayLayer:
    private static final java.lang.String TAG
    protected static final float WORLD_WIDTH_METER
    265:268:public void setEnableTouchingAll()
    272:275:public void setDisableTouchingAll()
com.ozateck.masu.GameTopLayer:
    private static final java.lang.String TAG
    protected static final float WORLD_WIDTH_METER
com.ozateck.masu.HowToBtn:
    private static final java.lang.String TAG
    private static final int TAG_BACK
    private int itemInd
    99:99:public org.cocos2d.types.CGPoint getCenterPoint()
    119:126:public void changeToggle()
    145:145:public boolean isActive()
com.ozateck.masu.HowToPanel:
    private static final java.lang.String TAG
    95:95:public org.cocos2d.types.CGPoint getCenterPoint()
com.ozateck.masu.HowToTitle:
    private static final java.lang.String TAG
    private static final int TAG_BACK
    93:93:public org.cocos2d.types.CGPoint getCenterPoint()
com.ozateck.masu.LogoClear
com.ozateck.masu.LogoTitle:
    private static final java.lang.String TAG
    private static final int TAG_BACK
    104:104:public org.cocos2d.types.CGPoint getCenterPoint()
com.ozateck.masu.MainActivity:
    public static final java.lang.String TAG
...
org.cocos2d.tests.EffectsTest$TurnOffTilesDemo:
    513:515:protected EffectsTest$TurnOffTilesDemo(int,org.cocos2d.types.ccGridSize,float)
    518:522:public static org.cocos2d.actions.interval.CCSequence action(float)
    1:1:public static bridge synthetic org.cocos2d.actions.interval.CCIntervalAction action(float)
org.cocos2d.tests.EffectsTest$TwirlDemo:
    402:404:public EffectsTest$TwirlDemo(org.cocos2d.types.CGPoint,int,float,org.cocos2d.types.ccGridSize,float)
    407:408:public static org.cocos2d.actions.grid.CCTwirl action(float)
    1:1:public static bridge synthetic org.cocos2d.actions.interval.CCIntervalAction action(float)
org.cocos2d.tests.EffectsTest$Waves3DDemo:
    312:314:public EffectsTest$Waves3DDemo(int,float,org.cocos2d.types.ccGridSize,float)
    317:317:public static org.cocos2d.actions.grid.CCWaves3D action(float)
    1:1:public static bridge synthetic org.cocos2d.actions.interval.CCIntervalAction action(float)
org.cocos2d.tests.EffectsTest$WavesDemo:
    390:392:public EffectsTest$WavesDemo(int,float,boolean,boolean,org.cocos2d.types.ccGridSize,float)
    395:395:public static org.cocos2d.actions.grid.CCWaves action(float)
    1:1:public static bridge synthetic org.cocos2d.actions.interval.CCIntervalAction action(float)
org.cocos2d.tests.EffectsTest$WavesTiles3DDemo:
    528:530:public EffectsTest$WavesTiles3DDemo(int,float,org.cocos2d.types.ccGridSize,float)
    533:533:public static org.cocos2d.actions.tile.CCWavesTiles3D action(float)
    1:1:public static bridge synthetic org.cocos2d.actions.interval.CCIntervalAction action(float)
org.cocos2d.tests.FontTest$Layer4:
    426:427:public void menuCallback(java.lang.Object)
    430:431:public void backCallback(java.lang.Object)
org.cocos2d.tests.MenuTest$Layer4:
    426:427:public void menuCallback(java.lang.Object)
    430:431:public void backCallback(java.lang.Object)
org.cocos2d.tests.ParticleTest$Issue704
org.cocos2d.tests.ParticleTest$Issue872
org.cocos2d.tests.ParticleTest$ParticleDesigner1
org.cocos2d.tests.ParticleTest$ParticleDesigner10
org.cocos2d.tests.ParticleTest$ParticleDesigner11
org.cocos2d.tests.ParticleTest$ParticleDesigner2
org.cocos2d.tests.ParticleTest$ParticleDesigner3
org.cocos2d.tests.ParticleTest$ParticleDesigner4
org.cocos2d.tests.ParticleTest$ParticleDesigner5
org.cocos2d.tests.ParticleTest$ParticleDesigner6
org.cocos2d.tests.ParticleTest$ParticleDesigner7
org.cocos2d.tests.ParticleTest$ParticleDesigner8
org.cocos2d.tests.ParticleTest$ParticleDesigner9
org.cocos2d.tests.SceneTest$Layer1:
    59:62:public void onPushScene(java.lang.Object)
    65:68:public void onPushSceneTran(java.lang.Object)
    71:72:public void onQuit(java.lang.Object)
    75:75:public void onVoid()
org.cocos2d.tests.SceneTest$Layer2
org.cocos2d.tests.SceneTest$Layer3
org.cocos2d.tests.SchedulerTest$SchedulerSchedulesAndRemove:
    361:362:public void tick1(float)
    365:366:public void tick2(float)
    369:370:public void tick3(float)
    373:374:public void tick4(float)
    377:382:public void scheduleAndUnschedule(float)
org.cocos2d.tests.SchedulerTest$SchedulerUnscheduleAll:
    283:284:public void tick1(float)
    287:288:public void tick2(float)
    291:292:public void tick3(float)
    295:296:public void tick4(float)
    299:300:public void unscheduleAll(float)
org.cocos2d.tests.SchedulerTest$SchedulerUnscheduleAllHard:
    323:324:public void tick1(float)
    327:328:public void tick2(float)
    331:332:public void tick3(float)
    335:336:public void tick4(float)
    339:340:public void unscheduleAll(float)
org.cocos2d.tests.SchedulerTest$SchedulerUpdate:
    436:441:public void removeUpdates(float)
org.cocos2d.tests.SchedulerTest$SchedulerUpdateFromCustom:
    510:512:public void stopUpdate(float)
    515:518:public void schedUpdate(float)
org.cocos2d.tests.SpritesTest$SpriteCallFunc:
    583:584:public void callback()
org.cocos2d.tests.SpritesTest$SpriteReverse:
    458:458:public static org.cocos2d.layers.CCLayer layer()